[debug] [2024-01-23T18:50:57.306Z] ----------------------------------------------------------------------
[debug] [2024-01-23T18:50:57.308Z] Command:       C:\Program Files\nodejs\node.exe C:\Users\Anton\tes\ARKADIA\node_modules\firebase-tools\lib\bin\firebase.js init hosting
[debug] [2024-01-23T18:50:57.308Z] CLI Version:   13.0.3
[debug] [2024-01-23T18:50:57.308Z] Platform:      win32
[debug] [2024-01-23T18:50:57.308Z] Node Version:  v19.0.1
[debug] [2024-01-23T18:50:57.309Z] Time:          Tue Jan 23 2024 19:50:57 GMT+0100 (heure normale d’Europe centrale)
[debug] [2024-01-23T18:50:57.309Z] ----------------------------------------------------------------------
[debug] 
[debug] [2024-01-23T18:50:57.314Z] > command requires scopes: ["email","openid","https://www.googleapis.com/auth/cloudplatformprojects.readonly","https://www.googleapis.com/auth/firebase","https://www.googleapis.com/auth/cloud-platform"]
[debug] [2024-01-23T18:50:57.315Z] > authorizing via signed-in user (notna.zzk@gmail.com)
[info] 
     ######## #### ########  ######## ########     ###     ######  ########
     ##        ##  ##     ## ##       ##     ##  ##   ##  ##       ##
     ######    ##  ########  ######   ########  #########  ######  ######
     ##        ##  ##    ##  ##       ##     ## ##     ##       ## ##
     ##       #### ##     ## ######## ########  ##     ##  ######  ########

You're about to initialize a Firebase project in this directory:

  C:\Users\Anton\tes\ARKADIA

[info] 
=== Project Setup
[info] 
[info] First, let's associate this project directory with a Firebase project.
[info] You can create multiple project aliases by running firebase use --add, 
[info] but for now we'll just set up a default project.
[info] 
[debug] [2024-01-23T18:51:02.053Z] >>> [apiv2][query] GET https://firebase.googleapis.com/v1beta1/projects pageSize=100
[debug] [2024-01-23T18:51:02.613Z] <<< [apiv2][status] GET https://firebase.googleapis.com/v1beta1/projects 200
[debug] [2024-01-23T18:51:02.614Z] <<< [apiv2][body] GET https://firebase.googleapis.com/v1beta1/projects [omitted]
[info] i  Using project arkadia-shop (ARKADIA) 
[info] 
=== Hosting Setup
[debug] [2024-01-23T18:51:04.646Z] >>> [apiv2][query] GET https://firebase.googleapis.com/v1beta1/projects/arkadia-shop [none]
[debug] [2024-01-23T18:51:04.817Z] <<< [apiv2][status] GET https://firebase.googleapis.com/v1beta1/projects/arkadia-shop 200
[debug] [2024-01-23T18:51:04.818Z] <<< [apiv2][body] GET https://firebase.googleapis.com/v1beta1/projects/arkadia-shop {"projectId":"arkadia-shop","projectNumber":"916116614161","displayName":"ARKADIA","name":"projects/arkadia-shop","resources":{"hostingSite":"arkadia-shop"},"state":"ACTIVE","etag":"1_535ff4c6-251a-4ca3-ad07-4548a233ccfa"}
[info] 
[info] Your public directory is the folder (relative to your project directory) that
[info] will contain Hosting assets to be uploaded with firebase deploy. If you
[info] have a build process for your assets, use your build's output directory.
[info] 
[info] +  Wrote public/404.html 
[debug] [2024-01-23T18:51:22.787Z] >>> [apiv2][query] GET https://www.gstatic.com/firebasejs/releases.json [none]
[debug] [2024-01-23T18:51:22.828Z] <<< [apiv2][status] GET https://www.gstatic.com/firebasejs/releases.json 200
[debug] [2024-01-23T18:51:22.829Z] <<< [apiv2][body] GET https://www.gstatic.com/firebasejs/releases.json {"current":{"version":"10.7.2","browserURL":"https://www.gstatic.com/firebasejs/10.7.2/firebase.js","packageURL":"https://www.gstatic.com/firebasejs/10.7.2/firebase.tgz"},"live":{"version":"10.7","browserURL":"https://www.gstatic.com/firebasejs/live/10.7/firebase.js","packageURL":"https://www.gstatic.com/firebasejs/live/10.7/firebase.tgz"},"components":{"analytics":"https://www.gstatic.com/firebasejs/10.7.2/firebase-analytics.js","app":"https://www.gstatic.com/firebasejs/10.7.2/firebase-app.js","app-check":"https://www.gstatic.com/firebasejs/10.7.2/firebase-app-check.js","auth":"https://www.gstatic.com/firebasejs/10.7.2/firebase-auth.js","auth/cordova":"https://www.gstatic.com/firebasejs/10.7.2/firebase-auth/cordova.js","functions":"https://www.gstatic.com/firebasejs/10.7.2/firebase-functions.js","firestore":"https://www.gstatic.com/firebasejs/10.7.2/firebase-firestore.js","firestore/lite":"https://www.gstatic.com/firebasejs/10.7.2/firebase-firestore/lite.js","installations":"https://www.gstatic.com/firebasejs/10.7.2/firebase-installations.js","storage":"https://www.gstatic.com/firebasejs/10.7.2/firebase-storage.js","performance":"https://www.gstatic.com/firebasejs/10.7.2/firebase-performance.js","remote-config":"https://www.gstatic.com/firebasejs/10.7.2/firebase-remote-config.js","messaging":"https://www.gstatic.com/firebasejs/10.7.2/firebase-messaging.js","messaging/sw":"https://www.gstatic.com/firebasejs/10.7.2/firebase-messaging/sw.js","database":"https://www.gstatic.com/firebasejs/10.7.2/firebase-database.js","firestore.memory":"https://www.gstatic.com/firebasejs/10.7.2/firebase-firestore.memory.js"}}
[info] +  Wrote public/index.html 
[info] 
[info] i  Detected a .git folder at C:\Users\Anton\tes\ARKADIA 
[info] i  Authorizing with GitHub to upload your service account to a GitHub repository's secrets store. 
[info] 
[info] Visit this URL on this device to log in:
[info] https://github.com/login/oauth/authorize?client_id=89cf50f02ac6aaed3484&state=429009648&redirect_uri=http%3A%2F%2Flocalhost%3A9005&scope=read%3Auser%20repo%20public_repo
[info] 
[info] Waiting for authentication...
[debug] [2024-01-23T18:51:25.344Z] >>> [apiv2][query] POST https://github.com/login/oauth/access_token [none]
[debug] [2024-01-23T18:51:25.344Z] >>> [apiv2][body] POST https://github.com/login/oauth/access_token [stream]
[debug] [2024-01-23T18:51:25.611Z] <<< [apiv2][status] POST https://github.com/login/oauth/access_token 200
[debug] [2024-01-23T18:51:25.611Z] <<< [apiv2][body] POST https://github.com/login/oauth/access_token {"access_token":"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","token_type":"bearer","scope":"read:user,repo"}
[debug] [2024-01-23T18:51:25.617Z] >>> [apiv2][query] GET https://api.github.com/user [none]
[debug] [2024-01-23T18:51:25.864Z] <<< [apiv2][status] GET https://api.github.com/user 200
[debug] [2024-01-23T18:51:25.864Z] <<< [apiv2][body] GET https://api.github.com/user {"login":"aent0n","id":116871473,"node_id":"U_kgDOBvdRMQ","avatar_url":"https://avatars.githubusercontent.com/u/116871473?v=4","gravatar_id":"","url":"https://api.github.com/users/aent0n","html_url":"https://github.com/aent0n","followers_url":"https://api.github.com/users/aent0n/followers","following_url":"https://api.github.com/users/aent0n/following{/other_user}","gists_url":"https://api.github.com/users/aent0n/gists{/gist_id}","starred_url":"https://api.github.com/users/aent0n/starred{/owner}{/repo}","subscriptions_url":"https://api.github.com/users/aent0n/subscriptions","organizations_url":"https://api.github.com/users/aent0n/orgs","repos_url":"https://api.github.com/users/aent0n/repos","events_url":"https://api.github.com/users/aent0n/events{/privacy}","received_events_url":"https://api.github.com/users/aent0n/received_events","type":"User","site_admin":false,"name":"Anton Adam","company":null,"blog":"","location":"France","email":null,"hireable":null,"bio":"Learning stuff, fooling around..","twitter_username":"_aent_","public_repos":7,"public_gists":0,"followers":2,"following":3,"created_at":"2022-10-28T07:29:06Z","updated_at":"2024-01-12T16:12:55Z","private_gists":0,"total_private_repos":5,"owned_private_repos":5,"disk_usage":88337,"collaborators":0,"two_factor_authentication":true,"plan":{"name":"pro","space":976562499,"collaborators":0,"private_repos":9999}}
[info] 
[info] +  Success! Logged into GitHub as aent0n 
[info] 
[debug] [2024-01-23T18:51:36.866Z] >>> [apiv2][query] GET https://api.github.com/repos/aent0n/Arkadia/actions/secrets/public-key type=owner
[debug] [2024-01-23T18:51:37.135Z] <<< [apiv2][status] GET https://api.github.com/repos/aent0n/Arkadia/actions/secrets/public-key 404
[debug] [2024-01-23T18:51:37.135Z] <<< [apiv2][body] GET https://api.github.com/repos/aent0n/Arkadia/actions/secrets/public-key {"message":"Not Found","documentation_url":"https://docs.github.com/rest/actions/secrets#get-a-repository-public-key"}
[info] 
[info] 
[error] !  The provided authorization cannot be used with this repository. If this repository is in an organization, did you remember to grant access? 
[info] 
[info] i  Action required: Visit this URL to ensure access has been granted to the appropriate organization(s) for the Firebase CLI GitHub OAuth App: 
[info] https://github.com/settings/connections/applications/89cf50f02ac6aaed3484
[info] 
[debug] [2024-01-23T19:36:37.688Z] >>> [apiv2][query] GET https://api.github.com/repos/aent0n/Arkadia/actions/secrets/public-key type=owner
[debug] [2024-01-23T19:36:38.078Z] <<< [apiv2][status] GET https://api.github.com/repos/aent0n/Arkadia/actions/secrets/public-key 404
[debug] [2024-01-23T19:36:38.078Z] <<< [apiv2][body] GET https://api.github.com/repos/aent0n/Arkadia/actions/secrets/public-key {"message":"Not Found","documentation_url":"https://docs.github.com/rest/actions/secrets#get-a-repository-public-key"}
[info] 
[info] 
[error] !  The provided authorization cannot be used with this repository. If this repository is in an organization, did you remember to grant access? 
[info] 
[info] i  Action required: Visit this URL to ensure access has been granted to the appropriate organization(s) for the Firebase CLI GitHub OAuth App: 
[info] https://github.com/settings/connections/applications/89cf50f02ac6aaed3484
[info] 
[debug] [2024-01-23T19:36:45.352Z] >>> [apiv2][query] GET https://api.github.com/repos/aent0n/Arkadia/actions/secrets/public-key type=owner
[debug] [2024-01-23T19:36:45.655Z] <<< [apiv2][status] GET https://api.github.com/repos/aent0n/Arkadia/actions/secrets/public-key 404
[debug] [2024-01-23T19:36:45.655Z] <<< [apiv2][body] GET https://api.github.com/repos/aent0n/Arkadia/actions/secrets/public-key {"message":"Not Found","documentation_url":"https://docs.github.com/rest/actions/secrets#get-a-repository-public-key"}
[info] 
[info] 
[error] !  The provided authorization cannot be used with this repository. If this repository is in an organization, did you remember to grant access? 
[info] 
[info] i  Action required: Visit this URL to ensure access has been granted to the appropriate organization(s) for the Firebase CLI GitHub OAuth App: 
[info] https://github.com/settings/connections/applications/89cf50f02ac6aaed3484
[info] 
[debug] [2024-01-23T19:37:17.707Z] ----------------------------------------------------------------------
[debug] [2024-01-23T19:37:17.711Z] Command:       C:\Program Files\nodejs\node.exe C:\Users\Anton\tes\ARKADIA\node_modules\firebase-tools\lib\bin\firebase.js init hosting
[debug] [2024-01-23T19:37:17.711Z] CLI Version:   13.0.3
[debug] [2024-01-23T19:37:17.712Z] Platform:      win32
[debug] [2024-01-23T19:37:17.712Z] Node Version:  v19.0.1
[debug] [2024-01-23T19:37:17.712Z] Time:          Tue Jan 23 2024 20:37:17 GMT+0100 (heure normale d’Europe centrale)
[debug] [2024-01-23T19:37:17.712Z] ----------------------------------------------------------------------
[debug] 
[debug] [2024-01-23T19:37:17.720Z] > command requires scopes: ["email","openid","https://www.googleapis.com/auth/cloudplatformprojects.readonly","https://www.googleapis.com/auth/firebase","https://www.googleapis.com/auth/cloud-platform"]
[debug] [2024-01-23T19:37:17.721Z] > authorizing via signed-in user (notna.zzk@gmail.com)
[info] 
     ######## #### ########  ######## ########     ###     ######  ########
     ##        ##  ##     ## ##       ##     ##  ##   ##  ##       ##
     ######    ##  ########  ######   ########  #########  ######  ######
     ##        ##  ##    ##  ##       ##     ## ##     ##       ## ##
     ##       #### ##     ## ######## ########  ##     ##  ######  ########

You're about to initialize a Firebase project in this directory:

  C:\Users\Anton\tes\ARKADIA

[info] 
=== Project Setup
[info] 
[info] First, let's associate this project directory with a Firebase project.
[info] You can create multiple project aliases by running firebase use --add, 
[info] but for now we'll just set up a default project.
[info] 
[debug] [2024-01-23T19:37:20.745Z] > refreshing access token with scopes: []
[debug] [2024-01-23T19:37:20.748Z] >>> [apiv2][query] POST https://www.googleapis.com/oauth2/v3/token [none]
[debug] [2024-01-23T19:37:20.748Z] >>> [apiv2][body] POST https://www.googleapis.com/oauth2/v3/token [omitted]
[debug] [2024-01-23T19:37:20.928Z] <<< [apiv2][status] POST https://www.googleapis.com/oauth2/v3/token 200
[debug] [2024-01-23T19:37:20.929Z] <<< [apiv2][body] POST https://www.googleapis.com/oauth2/v3/token [omitted]
[debug] [2024-01-23T19:37:20.943Z] >>> [apiv2][query] GET https://firebase.googleapis.com/v1beta1/projects pageSize=100
[debug] [2024-01-23T19:37:21.396Z] <<< [apiv2][status] GET https://firebase.googleapis.com/v1beta1/projects 200
[debug] [2024-01-23T19:37:21.396Z] <<< [apiv2][body] GET https://firebase.googleapis.com/v1beta1/projects [omitted]
[info] i  Using project arkadia-shop (ARKADIA) 
[info] 
=== Hosting Setup
[debug] [2024-01-23T19:37:22.750Z] >>> [apiv2][query] GET https://firebase.googleapis.com/v1beta1/projects/arkadia-shop [none]
[debug] [2024-01-23T19:37:22.928Z] <<< [apiv2][status] GET https://firebase.googleapis.com/v1beta1/projects/arkadia-shop 200
[debug] [2024-01-23T19:37:22.929Z] <<< [apiv2][body] GET https://firebase.googleapis.com/v1beta1/projects/arkadia-shop {"projectId":"arkadia-shop","projectNumber":"916116614161","displayName":"ARKADIA","name":"projects/arkadia-shop","resources":{"hostingSite":"arkadia-shop"},"state":"ACTIVE","etag":"1_535ff4c6-251a-4ca3-ad07-4548a233ccfa"}
[info] 
[info] Your public directory is the folder (relative to your project directory) that
[info] will contain Hosting assets to be uploaded with firebase deploy. If you
[info] have a build process for your assets, use your build's output directory.
[info] 
[info] +  Wrote public/404.html 
[debug] [2024-01-23T19:37:35.389Z] >>> [apiv2][query] GET https://www.gstatic.com/firebasejs/releases.json [none]
[debug] [2024-01-23T19:37:35.457Z] <<< [apiv2][status] GET https://www.gstatic.com/firebasejs/releases.json 200
[debug] [2024-01-23T19:37:35.457Z] <<< [apiv2][body] GET https://www.gstatic.com/firebasejs/releases.json {"current":{"version":"10.7.2","browserURL":"https://www.gstatic.com/firebasejs/10.7.2/firebase.js","packageURL":"https://www.gstatic.com/firebasejs/10.7.2/firebase.tgz"},"live":{"version":"10.7","browserURL":"https://www.gstatic.com/firebasejs/live/10.7/firebase.js","packageURL":"https://www.gstatic.com/firebasejs/live/10.7/firebase.tgz"},"components":{"analytics":"https://www.gstatic.com/firebasejs/10.7.2/firebase-analytics.js","app":"https://www.gstatic.com/firebasejs/10.7.2/firebase-app.js","app-check":"https://www.gstatic.com/firebasejs/10.7.2/firebase-app-check.js","auth":"https://www.gstatic.com/firebasejs/10.7.2/firebase-auth.js","auth/cordova":"https://www.gstatic.com/firebasejs/10.7.2/firebase-auth/cordova.js","functions":"https://www.gstatic.com/firebasejs/10.7.2/firebase-functions.js","firestore":"https://www.gstatic.com/firebasejs/10.7.2/firebase-firestore.js","firestore/lite":"https://www.gstatic.com/firebasejs/10.7.2/firebase-firestore/lite.js","installations":"https://www.gstatic.com/firebasejs/10.7.2/firebase-installations.js","storage":"https://www.gstatic.com/firebasejs/10.7.2/firebase-storage.js","performance":"https://www.gstatic.com/firebasejs/10.7.2/firebase-performance.js","remote-config":"https://www.gstatic.com/firebasejs/10.7.2/firebase-remote-config.js","messaging":"https://www.gstatic.com/firebasejs/10.7.2/firebase-messaging.js","messaging/sw":"https://www.gstatic.com/firebasejs/10.7.2/firebase-messaging/sw.js","database":"https://www.gstatic.com/firebasejs/10.7.2/firebase-database.js","firestore.memory":"https://www.gstatic.com/firebasejs/10.7.2/firebase-firestore.memory.js"}}
[info] +  Wrote public/index.html 
[info] 
[info] i  Detected a .git folder at C:\Users\Anton\tes\ARKADIA 
[info] i  Authorizing with GitHub to upload your service account to a GitHub repository's secrets store. 
[info] 
[info] Visit this URL on this device to log in:
[info] https://github.com/login/oauth/authorize?client_id=89cf50f02ac6aaed3484&state=752257348&redirect_uri=http%3A%2F%2Flocalhost%3A9005&scope=read%3Auser%20repo%20public_repo
[info] 
[info] Waiting for authentication...
[debug] [2024-01-23T19:37:37.179Z] >>> [apiv2][query] POST https://github.com/login/oauth/access_token [none]
[debug] [2024-01-23T19:37:37.179Z] >>> [apiv2][body] POST https://github.com/login/oauth/access_token [stream]
[debug] [2024-01-23T19:37:37.677Z] <<< [apiv2][status] POST https://github.com/login/oauth/access_token 200
[debug] [2024-01-23T19:37:37.678Z] <<< [apiv2][body] POST https://github.com/login/oauth/access_token {"access_token":"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","token_type":"bearer","scope":"read:user,repo"}
[debug] [2024-01-23T19:37:37.690Z] >>> [apiv2][query] GET https://api.github.com/user [none]
[debug] [2024-01-23T19:37:37.986Z] <<< [apiv2][status] GET https://api.github.com/user 200
[debug] [2024-01-23T19:37:37.986Z] <<< [apiv2][body] GET https://api.github.com/user {"login":"aent0n","id":116871473,"node_id":"U_kgDOBvdRMQ","avatar_url":"https://avatars.githubusercontent.com/u/116871473?v=4","gravatar_id":"","url":"https://api.github.com/users/aent0n","html_url":"https://github.com/aent0n","followers_url":"https://api.github.com/users/aent0n/followers","following_url":"https://api.github.com/users/aent0n/following{/other_user}","gists_url":"https://api.github.com/users/aent0n/gists{/gist_id}","starred_url":"https://api.github.com/users/aent0n/starred{/owner}{/repo}","subscriptions_url":"https://api.github.com/users/aent0n/subscriptions","organizations_url":"https://api.github.com/users/aent0n/orgs","repos_url":"https://api.github.com/users/aent0n/repos","events_url":"https://api.github.com/users/aent0n/events{/privacy}","received_events_url":"https://api.github.com/users/aent0n/received_events","type":"User","site_admin":false,"name":"Anton Adam","company":null,"blog":"","location":"France","email":null,"hireable":null,"bio":"Learning stuff, fooling around..","twitter_username":"_aent_","public_repos":7,"public_gists":0,"followers":2,"following":3,"created_at":"2022-10-28T07:29:06Z","updated_at":"2024-01-12T16:12:55Z","private_gists":0,"total_private_repos":5,"owned_private_repos":5,"disk_usage":88337,"collaborators":0,"two_factor_authentication":true,"plan":{"name":"pro","space":976562499,"collaborators":0,"private_repos":9999}}
[info] 
[info] +  Success! Logged into GitHub as aent0n 
[info] 
[debug] [2024-01-23T19:37:46.738Z] >>> [apiv2][query] GET https://api.github.com/repos/aent0n/Arkadia/actions/secrets/public-key type=owner
[debug] [2024-01-23T19:37:46.993Z] <<< [apiv2][status] GET https://api.github.com/repos/aent0n/Arkadia/actions/secrets/public-key 404
[debug] [2024-01-23T19:37:46.993Z] <<< [apiv2][body] GET https://api.github.com/repos/aent0n/Arkadia/actions/secrets/public-key {"message":"Not Found","documentation_url":"https://docs.github.com/rest/actions/secrets#get-a-repository-public-key"}
[info] 
[info] 
[error] !  The provided authorization cannot be used with this repository. If this repository is in an organization, did you remember to grant access? 
[info] 
[info] i  Action required: Visit this URL to ensure access has been granted to the appropriate organization(s) for the Firebase CLI GitHub OAuth App: 
[info] https://github.com/settings/connections/applications/89cf50f02ac6aaed3484
[info] 
